<?xml version="1.0" encoding="UTF-8"?>
<!-- Generated by org.testng.reporters.JUnitXMLReporter -->
<testsuite hostname="DESKTOP-TU76DCC" ignored="0" name="Login Test" tests="1" failures="1" timestamp="06 Sep 2018 10:22:06 GMT" time="5.579" errors="0">
  <testcase name="APILoginTest" time="4.552" classname="apiServer.testcases.apiServer.ApiLogin">
    <failure type="java.lang.reflect.InvocationTargetException">
      <![CDATA[java.lang.reflect.InvocationTargetException
	at apiServer.driver.DriverScript.executeKeywords(DriverScript.java:44)
	at apiServer.testcases.apiServer.ApiLogin.APILoginTest(ApiLogin.java:26)
Caused by: java.lang.NullPointerException
	at apiServer.keywords.GenericKeywords.openBrowser(GenericKeywords.java:143)
	... 32 more
... Removed 30 stack frames]]>
    </failure>
  </testcase> <!-- APILoginTest -->
</testsuite> <!-- Login Test -->
